<?xml version="1.0" encoding="UTF-8"?>
<!-- Generated by org.testng.reporters.JUnitReportReporter -->
<testsuite hostname="madhusudhan" failures="0" tests="1" name="Maven_package.madhu_find.Find_madhu" time="26.081" errors="0" timestamp="2022-10-01T18:08:11 IST" skipped="0">
  <testcase classname="Maven_package.madhu_find.Find_madhu" name="madhuf" time="26.081"/>
  <system-out/>
</testsuite> <!-- Maven_package.madhu_find.Find_madhu -->
